<?xml version="1.0" encoding="UTF-8"?>
<!-- Generated by org.testng.reporters.JUnitReportReporter -->
<testsuite skipped="0" hostname="MSI" name="com.mindtree.Runner.hybridRunner" tests="10" failures="0" timestamp="2021-11-20T18:17:08 IST" time="135.629" errors="0">
  <testcase name="getprodBysearch" time="18.660" classname="com.mindtree.Runner.hybridRunner"/>
  <system-out/>
  <testcase name="getPersonalGift" time="14.892" classname="com.mindtree.Runner.hybridRunner"/>
  <system-out/>
  <testcase name="countlinks" time="5.370" classname="com.mindtree.Runner.hybridRunner"/>
  <system-out/>
  <testcase name="faceMasks" time="19.379" classname="com.mindtree.Runner.hybridRunner"/>
  <system-out/>
  <testcase name="getViewAll" time="17.791" classname="com.mindtree.Runner.hybridRunner"/>
  <system-out/>
  <testcase name="getTop50" time="13.657" classname="com.mindtree.Runner.hybridRunner"/>
  <system-out/>
  <testcase name="getCorpGift" time="10.820" classname="com.mindtree.Runner.hybridRunner"/>
  <system-out/>
  <testcase name="signIn" time="9.418" classname="com.mindtree.Runner.hybridRunner"/>
  <system-out/>
  <testcase name="checkCashOnDeliveryAvail" time="10.443" classname="com.mindtree.Runner.hybridRunner"/>
  <system-out/>
  <testcase name="getGiftCard" time="15.199" classname="com.mindtree.Runner.hybridRunner"/>
  <system-out/>
</testsuite> <!-- com.mindtree.Runner.hybridRunner -->
