<?xml version="1.0" encoding="UTF-8"?>
<!-- Generated by org.testng.reporters.JUnitReportReporter -->
<testsuite skipped="0" hostname="MSI" name="com.mindtree.Runner.hybridRunner" tests="10" failures="0" timestamp="2021-11-20T18:26:11 IST" time="152.838" errors="0">
  <testcase name="checkCashOnDeliveryAvail" time="10.765" classname="com.mindtree.Runner.hybridRunner"/>
  <system-out/>
  <testcase name="getprodBysearch" time="13.007" classname="com.mindtree.Runner.hybridRunner"/>
  <system-out/>
  <testcase name="getPersonalGift" time="15.392" classname="com.mindtree.Runner.hybridRunner"/>
  <system-out/>
  <testcase name="getCorpGift" time="10.538" classname="com.mindtree.Runner.hybridRunner"/>
  <system-out/>
  <testcase name="getTop50" time="49.303" classname="com.mindtree.Runner.hybridRunner"/>
  <system-out/>
  <testcase name="getViewAll" time="18.241" classname="com.mindtree.Runner.hybridRunner"/>
  <system-out/>
  <testcase name="signIn" time="8.882" classname="com.mindtree.Runner.hybridRunner"/>
  <system-out/>
  <testcase name="faceMasks" time="11.385" classname="com.mindtree.Runner.hybridRunner"/>
  <system-out/>
  <testcase name="countlinks" time="6.097" classname="com.mindtree.Runner.hybridRunner"/>
  <system-out/>
  <testcase name="getGiftCard" time="9.228" classname="com.mindtree.Runner.hybridRunner"/>
  <system-out/>
</testsuite> <!-- com.mindtree.Runner.hybridRunner -->
